<?xml version="1.0" encoding="UTF-8"?>
<!-- Generated by org.testng.reporters.JUnitReportReporter -->
<testsuite hostname="DESKTOP-CL8T34F" failures="1" tests="16" name="runner.RunnerTestNg" time="19.758" errors="0" timestamp="2023-09-27T17:15:44 CDT" skipped="0">
  <testcase classname="runner.RunnerTestNg" name="runScenario" time="0.043"/>
  <system-out/>
  <testcase classname="runner.RunnerTestNg" name="runScenario" time="6.791"/>
  <system-out/>
  <testcase classname="runner.RunnerTestNg" name="runScenario" time="5.435"/>
  <system-out/>
  <testcase classname="runner.RunnerTestNg" name="runScenario" time="0.032"/>
  <system-out/>
  <testcase classname="runner.RunnerTestNg" name="runScenario" time="0.030"/>
  <system-out/>
  <testcase classname="runner.RunnerTestNg" name="runScenario" time="0.034"/>
  <system-out/>
  <testcase classname="runner.RunnerTestNg" name="runScenario" time="0.152"/>
  <system-out/>
  <testcase classname="runner.RunnerTestNg" name="runScenario" time="0.037"/>
  <system-out/>
  <testcase classname="runner.RunnerTestNg" name="runScenario" time="0.041"/>
  <system-out/>
  <testcase classname="runner.RunnerTestNg" name="runScenario" time="0.018"/>
  <system-out/>
  <testcase classname="runner.RunnerTestNg" name="runScenario" time="0.053"/>
  <system-out/>
  <testcase classname="runner.RunnerTestNg" name="runScenario" time="6.932">
    <failure message="expected:&lt;[[ChromeDriver: chrome on windows (c4ef89ac860cf6e93eda3616e0f0ed98)] -&gt; link text: Dashboard]&gt; but was:&lt;Dashboard&gt;" type="java.lang.AssertionError">
      <![CDATA[java.lang.AssertionError: expected:<[[ChromeDriver: chrome on windows (c4ef89ac860cf6e93eda3616e0f0ed98)] -> link text: Dashboard]> but was:<Dashboard>
at org.junit.Assert.fail(Assert.java:89)
at org.junit.Assert.failNotEquals(Assert.java:835)
at org.junit.Assert.assertEquals(Assert.java:120)
at org.junit.Assert.assertEquals(Assert.java:146)
at stepDefinitions.OrangeHrmLogin.verify_the_dashboard_page(OrangeHrmLogin.java:62)
at âœ½.verify the Dashboard page(file:///C:/Users/prabh/Desktop/java2022/tutorialninja.Cucumber.Project/src/test/resources/feature/orangehrmlogin.feature:9)
]]>
    </failure>
  </testcase> <!-- runScenario -->
  <system-out/>
  <testcase classname="runner.RunnerTestNg" name="runScenario" time="0.039"/>
  <system-out/>
  <testcase classname="runner.RunnerTestNg" name="runScenario" time="0.071"/>
  <system-out/>
  <testcase classname="runner.RunnerTestNg" name="runScenario" time="0.030"/>
  <system-out/>
  <testcase classname="runner.RunnerTestNg" name="runScenario" time="0.020"/>
  <system-out/>
</testsuite> <!-- runner.RunnerTestNg -->
